<?xml version="1.0" encoding="UTF-8"?>
<!-- Generated by org.testng.reporters.JUnitXMLReporter -->
<testsuite ignored="16" hostname="DESKTOP-1I78L95" failures="0" tests="1" name="Default test" time="1.349" errors="0" timestamp="01 Jul 2022 11:14:49 GMT">
  <testcase classname="com.company.spotify.SpotifyApi" name="GetTracksAudioFeaturesWithId" time="1.328"/>
  <testcase classname="com.company.spotify.SpotifyApi" name="testCreatePlaylist" time="0.0">
    <ignored/>
  </testcase> <!-- testCreatePlaylist -->
  <testcase classname="com.company.spotify.SpotifyApi" name="GetSeveralTracks" time="0.0">
    <ignored/>
  </testcase> <!-- GetSeveralTracks -->
  <testcase classname="com.company.spotify.SpotifyApi" name="testGet_Current_Profile" time="0.0">
    <ignored/>
  </testcase> <!-- testGet_Current_Profile -->
  <testcase classname="com.company.spotify.SpotifyApi" name="SearchforItem" time="0.0">
    <ignored/>
  </testcase> <!-- SearchforItem -->
  <testcase classname="com.company.spotify.SpotifyApi" name="ChangePlaylistDetails" time="0.0">
    <ignored/>
  </testcase> <!-- ChangePlaylistDetails -->
  <testcase classname="com.company.spotify.SpotifyApi" name="GetPlaylistCoverImage" time="0.0">
    <ignored/>
  </testcase> <!-- GetPlaylistCoverImage -->
  <testcase classname="com.company.spotify.SpotifyApi" name="GetTracksAudioAnalysis" time="0.0">
    <ignored/>
  </testcase> <!-- GetTracksAudioAnalysis -->
  <testcase classname="com.company.spotify.SpotifyApi" name="GetTrack" time="0.0">
    <ignored/>
  </testcase> <!-- GetTrack -->
  <testcase classname="com.company.spotify.SpotifyApi" name="GetUsersPlaylists" time="0.0">
    <ignored/>
  </testcase> <!-- GetUsersPlaylists -->
  <testcase classname="com.company.spotify.SpotifyApi" name="UpdatePlaylistItems" time="0.0">
    <ignored/>
  </testcase> <!-- UpdatePlaylistItems -->
  <testcase classname="com.company.spotify.SpotifyApi" name="GetCurrentUsersPlaylists" time="0.0">
    <ignored/>
  </testcase> <!-- GetCurrentUsersPlaylists -->
  <testcase classname="com.company.spotify.SpotifyApi" name="testGet_UserProfile" time="0.0">
    <ignored/>
  </testcase> <!-- testGet_UserProfile -->
  <testcase classname="com.company.spotify.SpotifyApi" name="GetPlaylists" time="0.0">
    <ignored/>
  </testcase> <!-- GetPlaylists -->
  <testcase classname="com.company.spotify.SpotifyApi" name="AddItemsToPlaylist" time="0.0">
    <ignored/>
  </testcase> <!-- AddItemsToPlaylist -->
  <testcase classname="com.company.spotify.SpotifyApi" name="GetTracksAudioFeatures" time="0.0">
    <ignored/>
  </testcase> <!-- GetTracksAudioFeatures -->
  <testcase classname="com.company.spotify.SpotifyApi" name="RemovePlaylistItems" time="0.0">
    <ignored/>
  </testcase> <!-- RemovePlaylistItems -->
</testsuite> <!-- Default test -->
